<?xml version="1.1" encoding="UTF-8"?>
<testsuite name="CourseServiceSpec" tests="1" failures="1" errors="0" timestamp="2014-01-04T22:11:53" hostname="redapple.home" time="1.091">
  <properties/>
  <testcase name="Create new course with teacher and description" classname="CourseServiceSpec" time="1.091">
    <failure message="Condition not satisfied:&#10;&#10;'Grails Goodness' == course.description&#10;                  |  |      |&#10;                  |  |      Groovy Goodness&#10;                  |  Course@60a415a3&#10;                  false&#10;                  4 differences (73% similarity)&#10;                  Gr(ails) Goodness&#10;                  Gr(oovy) Goodness&#10;" type="org.spockframework.runtime.SpockComparisonFailure">Condition not satisfied:

'Grails Goodness' == course.description
                  |  |      |
                  |  |      Groovy Goodness
                  |  Course@60a415a3
                  false
                  4 differences (73% similarity)
                  Gr(ails) Goodness
                  Gr(oovy) Goodness

	at CourseServiceSpec.assertCourse(groovydemoTests.groovy:19)
	at CourseServiceSpec.Create new course with teacher and description(groovydemoTests.groovy:14)
</failure>
  </testcase>
  <system-out><![CDATA[]]></system-out>
  <system-err><![CDATA[]]></system-err>
</testsuite>
